Case #1:
10000000000000000000000000000001 3 2 5 2 7 2 3 2 11
10000000000000000000000000000101 7 13 3 31 43 3 73 7 3
10000000000000000000000000000111 3 2 5 2 7 2 3 2 11
10000000000000000000000000001101 3 2 5 2 7 2 3 2 11
10000000000000000000000000010011 3 2 5 2 7 2 3 2 11
10000000000000000000000000011001 3 2 5 2 7 2 3 2 7
10000000000000000000000000011111 3 2 3 2 7 2 3 2 3
10000000000000000000000000100001 7 13 3 31 41 3 73 7 3
10000000000000000000000000100101 3 2 5 2 7 2 3 2 11
10000000000000000000000000101111 5 2 3 2 11 2 5 2 3
10000000000000000000000000110001 3 2 5 2 7 2 3 2 11
10000000000000000000000000110111 3 2 3 2 7 2 3 2 3
10000000000000000000000000111101 3 2 3 2 7 2 3 2 3
10000000000000000000000001000011 3 2 5 2 7 2 3 2 11
10000000000000000000000001001001 3 2 5 2 7 2 3 2 11
10000000000000000000000001001011 7 7 11 223 5 103 113 7 7
10000000000000000000000001001111 3 2 3 2 7 2 3 2 3
10000000000000000000000001010111 5 2 3 2 37 2 5 2 3
10000000000000000000000001011011 3 2 3 2 7 2 3 2 3
10000000000000000000000001011101 13 2 3 2 71 2 17 2 3
10000000000000000000000001100001 3 2 5 2 7 2 3 2 11
10000000000000000000000001100111 3 2 3 2 7 2 3 2 3
10000000000000000000000001101011 5 2 3 2 23 2 5 2 3
10000000000000000000000001101101 3 2 3 2 7 2 3 2 3
10000000000000000000000001110011 3 2 3 2 7 2 3 2 3
10000000000000000000000001110101 5 2 3 2 37 2 5 2 3
10000000000000000000000001111001 3 2 3 2 7 2 3 2 3
10000000000000000000000001111111 3 2 5 2 7 2 3 2 11
10000000000000000000000010000101 3 2 5 2 7 2 3 2 11
10000000000000000000000010010001 3 2 5 2 7 2 3 2 11
10000000000000000000000010010111 3 2 3 2 7 2 3 2 3
10000000000000000000000010011001 31 11 7 11 5 37 31 11 41
10000000000000000000000010011101 3 2 3 2 7 2 3 2 3
10000000000000000000000010100111 5 2 3 2 37 2 5 2 3
10000000000000000000000010101101 7 2 3 2 43 2 73 2 3
10000000000000000000000010110101 3 2 3 2 7 2 3 2 3
10000000000000000000000011000001 3 2 5 2 7 2 3 2 11
10000000000000000000000011000111 3 2 3 2 7 2 3 2 3
10000000000000000000000011001101 3 2 3 2 7 2 3 2 3
10000000000000000000000011010011 3 2 3 2 7 2 3 2 3
10000000000000000000000011010101 191 2 3 2 173 2 37 2 3
10000000000000000000000011011001 3 2 3 2 7 2 3 2 3
10000000000000000000000011011111 3 2 5 2 7 2 3 2 11
10000000000000000000000011100011 5 2 3 2 37 2 5 2 3
10000000000000000000000011100101 3 2 3 2 7 2 3 2 3
10000000000000000000000011110001 3 2 3 2 7 2 3 2 3
10000000000000000000000011110111 3 2 5 2 7 2 3 2 11
10000000000000000000000011111101 3 2 5 2 7 2 3 2 11
10000000000000000000000100000001 5 13 3 31 11 3 17 7 3
10000000000000000000000100000011 3 2 5 2 7 2 3 2 11
10000000000000000000000100001001 3 2 5 2 7 2 3 2 11
10000000000000000000000100001111 3 2 3 2 7 2 3 2 3
10000000000000000000000100010001 11 2 191 2 89 2 5 2 113
10000000000000000000000100010101 3 11 11 3 5 5 3 11 41
10000000000000000000000100011011 3 2 3 2 7 2 3 2 3
10000000000000000000000100011101 7 2 3 2 43 2 11 2 3
10000000000000000000000100100001 3 2 5 2 7 2 3 2 11
10000000000000000000000100100111 3 2 3 2 7 2 3 2 3
10000000000000000000000100101011 7 2 3 2 43 2 73 2 3
10000000000000000000000100101101 3 2 3 2 7 2 3 2 3
10000000000000000000000100110011 3 2 3 2 7 2 3 2 3
10000000000000000000000100111001 3 2 3 2 7 2 3 2 3
10000000000000000000000100111111 3 2 5 2 7 2 3 2 11
10000000000000000000000101000111 5 2 3 2 13 2 5 2 3
10000000000000000000000101001011 3 2 3 2 7 2 3 2 3
10000000000000000000000101010101 7 2 3 2 17 2 71 2 3
10000000000000000000000101100011 3 2 3 2 7 2 3 2 3
10000000000000000000000101100101 5 2 3 2 37 2 5 2 3
10000000000000000000000101101001 3 2 3 2 7 2 3 2 3
10000000000000000000000101101111 3 2 5 2 7 2 3 2 11
10000000000000000000000101110001 7 2 3 2 43 2 29 2 3
10000000000000000000000101110101 3 19 43 3 89 13 3 167 239
10000000000000000000000101111011 3 2 5 2 7 2 3 2 11
10000000000000000000000101111111 7 13 3 31 43 3 43 7 3
10000000000000000000000110000001 3 2 5 2 7 2 3 2 11
10000000000000000000000110000111 3 2 3 2 7 2 3 2 3
10000000000000000000000110001101 3 2 3 2 7 2 3 2 3
10000000000000000000000110010011 3 2 3 2 7 2 3 2 3
10000000000000000000000110010101 11 2 3 2 79 2 23 2 3
10000000000000000000000110011001 3 2 3 2 7 2 3 2 3
10000000000000000000000110011111 3 2 5 2 7 2 3 2 11
10000000000000000000000110100011 67 2 3 2 13 2 59 2 3
10000000000000000000000110100101 3 2 3 2 7 2 3 2 3
10000000000000000000000110101001 7 2 3 2 43 2 73 2 3
10000000000000000000000110110001 3 2 3 2 7 2 3 2 3
10000000000000000000000110110111 3 2 5 2 7 2 3 2 11
10000000000000000000000110111101 3 2 5 2 7 2 3 2 11
10000000000000000000000111000001 11 5 13 43 5 29 5 23 19
10000000000000000000000111000011 3 2 3 2 7 2 3 2 3
10000000000000000000000111000101 7 2 3 2 43 2 73 2 3
10000000000000000000000111001001 3 2 3 2 7 2 3 2 3
10000000000000000000000111001111 3 2 5 2 7 2 3 2 7
10000000000000000000000111011011 3 2 5 2 7 2 3 2 11
10000000000000000000000111100001 3 2 3 2 7 2 3 2 3
10000000000000000000000111100111 3 2 5 2 7 2 3 2 11
10000000000000000000000111101101 3 2 5 2 7 2 3 2 11
10000000000000000000000111101111 7 13 3 19 19 3 17 7 3
10000000000000000000000111110011 3 2 5 2 7 2 3 2 11
10000000000000000000000111111001 3 2 5 2 7 2 3 2 11
10000000000000000000000111111101 7 5 3 31 43 3 5 7 3
