Case #1: 15 25
Case #2: 0 0
Case #3: 81 567
Case #4: 181 244
Case #5: 0 0
Case #6: 500 500
Case #7: 100 900
Case #8: 72 173
Case #9: 120 301
Case #10: 153 281
Case #11: 148 285
Case #12: 88 145
Case #13: 174 402
Case #14: 209 581
Case #15: 166 312
Case #16: 139 582
Case #17: 165 412
Case #18: 128 302
Case #19: 198 367
Case #20: 143 336
Case #21: 242 436
Case #22: 163 525
Case #23: 199 417
Case #24: 177 420
Case #25: 179 478
Case #26: 60 268
Case #27: 172 348
Case #28: 107 250
Case #29: 187 385
Case #30: 123 381
Case #31: 166 344
Case #32: 84 328
Case #33: 168 410
Case #34: 162 423
Case #35: 150 337
Case #36: 119 440
Case #37: 170 334
Case #38: 188 430
Case #39: 123 309
Case #40: 115 345
Case #41: 115 375
Case #42: 164 282
Case #43: 149 338
Case #44: 111 299
Case #45: 168 554
Case #46: 198 449
Case #47: 132 356
Case #48: 208 314
Case #49: 72 232
Case #50: 90 360
Case #51: 136 356
Case #52: 217 512
Case #53: 87 420
Case #54: 92 196
Case #55: 212 340
Case #56: 165 349
Case #57: 112 344
Case #58: 219 339
Case #59: 138 329
Case #60: 136 447
Case #61: 143 430
Case #62: 178 490
Case #63: 181 406
Case #64: 175 342
Case #65: 160 331
Case #66: 108 353
Case #67: 209 455
Case #68: 168 460
Case #69: 160 403
Case #70: 235 541
Case #71: 121 281
Case #72: 189 418
Case #73: 120 462
Case #74: 206 505
Case #75: 143 401
Case #76: 143 476
Case #77: 139 383
Case #78: 258 535
Case #79: 81 391
Case #80: 222 415
Case #81: 142 456
Case #82: 96 370
Case #83: 110 357
Case #84: 141 275
Case #85: 111 407
Case #86: 166 369
Case #87: 209 459
Case #88: 114 351
Case #89: 207 419
Case #90: 190 432
Case #91: 65 319
Case #92: 143 496
Case #93: 138 393
Case #94: 94 179
Case #95: 139 377
Case #96: 149 402
Case #97: 109 299
Case #98: 168 338
Case #99: 173 471
Case #100: 46 198
